>>> SEGO Options selected:

[Optimization]

Optimizer: slsqp
Enrichment criterion: WB2
Analytical jacobians: False
Smooth recombination: True
Optimization validation: True
Mode: Minimisation
Size DOE: automatic
Grouped eval: True
Multiprocessing eval: False
Model type: user defined
Nb clusters: 1
Reclustering rate: 10
Min samples multistart: 10
Add multistart: 2
q multipoint: 1
Doe tolerance: 1.000e-06
Check using known solution: False
Inner Optimizer Settings: {}
Save files: False - path: 
Save rate: 0
Save optim: True
Constraint feasibility criterion: MC
Constraint doubt threshold evolution: {'type': 'Cst', 'init': 3}
WB2S ratio: 100.0
Lvl Multify: 1
Multify cost: [1.0]

[Output settings]

Profiling enabled: False
Verbose mode: True
Debug mode: True
Logfile mode: True
Constraints fidelity lvl: 1


[SEGO]  Constraints:

[SEGO]  >>> Inputs processed - initializing DOE

[SEGO]  DOE and DOE response provided

[SEGO]  >>> DOE ready - size: 3

[SEGO]  >>> MOEs initialized

[SEGO]  
x[1] = [0.84374656 0.67878956]
y: 6.382310
sum = 0
d_obj = -2.7172e+00

[SEGO]  Current best (Pareto optimal - 1 objective ):
x[1] = [0.84374656 0.67878956]
y = 6.382310
sum = 0

[SEGO]  
x[2] = [0.3861692  0.10601885]
y: 12.467735
sum = 0
d_obj = 6.0854e+00

[SEGO]  Current best (Pareto optimal - 1 objective ):
x[1] = [0.84374656 0.67878956]
y = 6.382310
sum = 0

[SEGO]  >>> Ready to run the optimization

>>> Iteration 0


[SEGO]  Reclustering
1 clusters and ['KRG'] models for Objective function MOE.
Objective MOE: ['KRG']
The acquisition function scaling is updated to 12.46773469999993
The constraint doubt threshold []
The feasibility criterion scaling is updated to []
Optimization terminated successfully
            Current point: [ 25.19920807 -26.56198714]
            Current function value: [0.72862085]
Optimization terminated successfully
            Current point: [-29.37783798   8.52236535]
            Current function value: [0.72862085]
Optimization terminated successfully
            Current point: [-21.19788393 -15.16357566]
            Current function value: [0.72862085]
Optimization terminated successfully
            Current point: [16.97108452 19.51941956]
            Current function value: [0.72862085]
Optimization terminated successfully
            Current point: [-18.21215797  28.10140849]
            Current function value: [0.72862085]
Optimization terminated successfully
            Current point: [28.14603866 -3.85397511]
            Current function value: [0.72862085]
Optimization terminated successfully
            Current point: [-12.01183709   5.79359359]
            Current function value: [0.72862085]
Optimization terminated successfully
            Current point: [1.61538462e-02 2.00872794e+01]
            Current function value: [0.72862085]
Optimization terminated successfully
            Current point: [ -2.50313226 -24.36369175]
            Current function value: [0.72862085]
Optimization terminated successfully
            Current point: [ 12.35319277 -10.53528955]
            Current function value: [0.72862085]
Optimization terminated successfully
            Current point: [0.8483422  0.66315244]
            Current function value: [0.50283014]

[Nlopt]  successes: 11/11

[SLSQP]  successes: 11/11

[SEGO]  0 optim results filtered out - too close

[SEGO]  
x[3] = [0.8483422  0.66315244]
y: inf
sum = 0
d_obj = inf

[SEGO]  Current best (Pareto optimal - 1 objective ):
x[1] = [0.84374656 0.67878956]
y = 6.382310
sum = 0

Optimization completed - time elapsed: 0m:01s:260ms


Profiler: means

[optim_global] - mean = 0m:01s:260ms over 1 samples

[SEGO]  >>> Run finished
Exit status: Best point valid

Best point:
x[1] = [0.84374656 0.67878956]
y = [6.38231049]

Evals: 4
>>> SEGO Options selected:

[Optimization]

Optimizer: slsqp
Enrichment criterion: WB2
Analytical jacobians: False
Smooth recombination: True
Optimization validation: True
Mode: Minimisation
Size DOE: automatic
Grouped eval: True
Multiprocessing eval: False
Model type: user defined
Nb clusters: 1
Reclustering rate: 10
Min samples multistart: 10
Add multistart: 2
q multipoint: 1
Doe tolerance: 1.000e-06
Check using known solution: False
Inner Optimizer Settings: {}
Save files: False - path: 
Save rate: 0
Save optim: True
Constraint feasibility criterion: MC
Constraint doubt threshold evolution: {'type': 'Cst', 'init': 3}
WB2S ratio: 100.0
Lvl Multify: 1
Multify cost: [1.0]

[Output settings]

Profiling enabled: False
Verbose mode: True
Debug mode: True
Logfile mode: True
Constraints fidelity lvl: 1


[SEGO]  Constraints:

[SEGO]  >>> Inputs processed - initializing DOE

[SEGO]  DOE and DOE response provided

[SEGO]  >>> DOE ready - size: 3

[SEGO]  >>> MOEs initialized

[SEGO]  
x[1] = [0.84374656 0.67878956]
y: 6.382310
sum = 0
d_obj = -2.7172e+00

[SEGO]  Current best (Pareto optimal - 1 objective ):
x[1] = [0.84374656 0.67878956]
y = 6.382310
sum = 0

[SEGO]  
x[2] = [0.3861692  0.10601885]
y: 12.467735
sum = 0
d_obj = 6.0854e+00

[SEGO]  Current best (Pareto optimal - 1 objective ):
x[1] = [0.84374656 0.67878956]
y = 6.382310
sum = 0

[SEGO]  >>> Ready to run the optimization

>>> Iteration 0


[SEGO]  Reclustering
1 clusters and ['KRG'] models for Objective function MOE.
Objective MOE: ['KRG']
The acquisition function scaling is updated to 12.46773469999993
The constraint doubt threshold []
The feasibility criterion scaling is updated to []
Optimization terminated successfully
            Current point: [-29.34757455 -15.17060034]
            Current function value: [0.74707228]
Optimization terminated successfully
            Current point: [ 6.53300167 14.41873422]
            Current function value: [0.74707228]
Optimization terminated successfully
            Current point: [31.52046633  0.52716957]
            Current function value: [0.74707228]
Optimization terminated successfully
            Current point: [-24.44578787  10.06141618]
            Current function value: [0.74707228]
Optimization terminated successfully
            Current point: [ 24.9826098  -21.79411662]
            Current function value: [0.74707228]
Optimization terminated successfully
            Current point: [ -4.80182685 -28.18437177]
            Current function value: [0.74707228]
Optimization terminated successfully
            Current point: [-13.70965945  -5.76385006]
            Current function value: [0.74707228]
Optimization terminated successfully
            Current point: [  8.41875332 -11.02796558]
            Current function value: [0.74707228]
Optimization terminated successfully
            Current point: [-11.7201092  22.1048796]
            Current function value: [0.74707228]
Optimization terminated successfully
            Current point: [18.65024958 26.2930134 ]
            Current function value: [0.74707228]
Optimization terminated successfully
            Current point: [0.84374606 0.67878906]
            Current function value: [0.51190618]

[Nlopt]  successes: 11/11

[SLSQP]  successes: 11/11

[SEGO]  0 optim results filtered out - too close

[SEGO]  
x[3] = [0.84374606 0.67878906]
y: inf
sum = 0
d_obj = inf

[SEGO]  Current best (Pareto optimal - 1 objective ):
x[1] = [0.84374656 0.67878956]
y = 6.382310
sum = 0

Optimization completed - time elapsed: 0m:01s:199ms


Profiler: means

[optim_global] - mean = 0m:01s:199ms over 1 samples

[SEGO]  >>> Run finished
Exit status: Best point valid

Best point:
x[1] = [0.84374656 0.67878956]
y = [6.38231049]

Evals: 4
>>> SEGO Options selected:

[Optimization]

Optimizer: slsqp
Enrichment criterion: WB2
Analytical jacobians: False
Smooth recombination: True
Optimization validation: True
Mode: Minimisation
Size DOE: automatic
Grouped eval: True
Multiprocessing eval: False
Model type: user defined
Nb clusters: 1
Reclustering rate: 10
Min samples multistart: 10
Add multistart: 2
q multipoint: 1
Doe tolerance: 1.000e-06
Check using known solution: False
Inner Optimizer Settings: {}
Save files: False - path: 
Save rate: 0
Save optim: True
Constraint feasibility criterion: MC
Constraint doubt threshold evolution: {'type': 'Cst', 'init': 3}
WB2S ratio: 100.0
Lvl Multify: 1
Multify cost: [1.0]

[Output settings]

Profiling enabled: False
Verbose mode: True
Debug mode: True
Logfile mode: True
Constraints fidelity lvl: 1


[SEGO]  Constraints:
c_0 (0)
c_1 (1)

[SEGO]  >>> Inputs processed - initializing DOE

[SEGO]  DOE and DOE response provided

[SEGO]  >>> DOE ready - size: 5

[SEGO]  >>> MOEs initialized

[SEGO]  
x[1] = [21.7 90. ]
y: 344601.613000
sum = 0
d_obj = 8.2684e+04

[SEGO]  Current best (Pareto optimal - 1 objective ):
x[0] = [73.9 30. ]
y = 261917.119000
sum = 0

[SEGO]  
x[2] = [56.5 50. ]
y: 127544.625000
sum = 0
d_obj = -1.3437e+05

[SEGO]  Current best (Pareto optimal - 1 objective ):
x[2] = [56.5 50. ]
y = 127544.625000
sum = 0

[SEGO]  
x[3] = [39.1 70. ]
y: 149642.171000
sum = 0
d_obj = 2.2098e+04

[SEGO]  Current best (Pareto optimal - 1 objective ):
x[2] = [56.5 50. ]
y = 127544.625000
sum = 0

[SEGO]  
x[4] = [91.3 10. ]
y: 536367.797000
sum = 0
d_obj = 4.0882e+05

[SEGO]  Current best (Pareto optimal - 1 objective ):
x[2] = [56.5 50. ]
y = 127544.625000
sum = 0

[SEGO]  >>> Ready to run the optimization

>>> Iteration 0


[SEGO]  Reclustering
1 clusters and ['KRG'] models for Objective function MOE.
Objective MOE: ['KRG']

[SEGO] Constraints MOE:
   c_0 MOE: ['KRG']
   c_1 MOE: ['KRG']
The acquisition function scaling is updated to 635229.3522805561
The constraint doubt threshold [3. 3.]
The feasibility criterion scaling is updated to [7888.630778816053, 8062.015340515647]
Optimization terminated successfully
            Current point: [49.95887772 57.51853797]
            Current function value: [0.18330821]
Optimization terminated successfully
            Current point: [49.95891626 57.51853998]
            Current function value: [0.18330821]
Optimization terminated successfully
            Current point: [49.9591283 57.5185911]
            Current function value: [0.18330821]
Optimization terminated successfully
            Current point: [49.95894343 57.51851161]
            Current function value: [0.18330821]
Optimization terminated successfully
            Current point: [49.95889263 57.51852308]
            Current function value: [0.18330821]
Optimization terminated successfully
            Current point: [49.95881448 57.51859099]
            Current function value: [0.18330821]
Optimization terminated successfully
            Current point: [49.95889344 57.51852141]
            Current function value: [0.18330821]
Optimization terminated successfully
            Current point: [49.95888856 57.51852709]
            Current function value: [0.18330821]
Optimization terminated successfully
            Current point: [49.95888773 57.51850827]
            Current function value: [0.18330821]
Optimization terminated successfully
            Current point: [49.95871506 57.51850441]
            Current function value: [0.18330821]
Optimization terminated successfully
            Current point: [49.95919561 57.51841622]
            Current function value: [0.18330821]

[Nlopt]  successes: 11/11

[SLSQP]  successes: 11/11

[SEGO]  0 optim results filtered out - too close

[SEGO]  
x[5] = [49.95889263 57.51852308]
y: inf
sum = inf
d_obj = inf

[SEGO]  Current best (Pareto optimal - 1 objective ):
x[2] = [56.5 50. ]
y = 127544.625000
sum = 0

Optimization completed - time elapsed: 0m:04s:971ms


Profiler: means

[optim_global] - mean = 0m:04s:971ms over 1 samples

[SEGO]  >>> Run finished
Exit status: Best point valid

Best point:
x[2] = [56.5 50. ]
y = [127544.625]

Evals: 6
>>> SEGO Options selected:

[Optimization]

Optimizer: slsqp
Enrichment criterion: WB2
Analytical jacobians: False
Smooth recombination: True
Optimization validation: True
Mode: Minimisation
Size DOE: automatic
Grouped eval: True
Multiprocessing eval: False
Model type: user defined
Nb clusters: 1
Reclustering rate: 10
Min samples multistart: 10
Add multistart: 2
q multipoint: 1
Doe tolerance: 1.000e-06
Check using known solution: False
Inner Optimizer Settings: {}
Save files: False - path: 
Save rate: 0
Save optim: True
Constraint feasibility criterion: MC
Constraint doubt threshold evolution: {'type': 'Cst', 'init': 3}
WB2S ratio: 100.0
Lvl Multify: 1
Multify cost: [1.0]

[Output settings]

Profiling enabled: False
Verbose mode: True
Debug mode: True
Logfile mode: True
Constraints fidelity lvl: 1


[SEGO]  Constraints:

[SEGO]  >>> Inputs processed - initializing DOE

[SEGO]  DOE and DOE response provided

[SEGO]  >>> DOE ready - size: 3

[SEGO]  >>> MOEs initialized

[SEGO]  
x[1] = [0.84374656 0.67878956]
y: 6.382310
sum = 0
d_obj = -2.7172e+00

[SEGO]  Current best (Pareto optimal - 1 objective ):
x[1] = [0.84374656 0.67878956]
y = 6.382310
sum = 0

[SEGO]  
x[2] = [0.3861692  0.10601885]
y: 12.467735
sum = 0
d_obj = 6.0854e+00

[SEGO]  Current best (Pareto optimal - 1 objective ):
x[1] = [0.84374656 0.67878956]
y = 6.382310
sum = 0

[SEGO]  >>> Ready to run the optimization

>>> Iteration 0


[SEGO]  Reclustering
1 clusters and ['KRG'] models for Objective function MOE.
Objective MOE: ['KRG']
The acquisition function scaling is updated to 12.46773469999993
The constraint doubt threshold []
The feasibility criterion scaling is updated to []
Optimization terminated successfully
            Current point: [ 3.76170704 -8.23519411]
            Current function value: [0.72862085]
Optimization terminated successfully
            Current point: [-21.86515842 -17.32323562]
            Current function value: [0.72862085]
Optimization terminated successfully
            Current point: [28.47309654 -4.62633987]
            Current function value: [0.72862085]
Optimization terminated successfully
            Current point: [ -4.7019427  -28.28673104]
            Current function value: [0.72862085]
Optimization terminated successfully
            Current point: [-10.57268702  25.04015052]
            Current function value: [0.72862085]
Optimization terminated successfully
            Current point: [-14.23857074   0.30883482]
            Current function value: [0.72862085]
Optimization terminated successfully
            Current point: [ 9.09039507 12.02308521]
            Current function value: [0.72862085]
Optimization terminated successfully
            Current point: [ 16.52206593 -21.12139899]
            Current function value: [0.72862085]
Optimization terminated successfully
            Current point: [22.38004607 32.21661812]
            Current function value: [0.72862085]
Optimization terminated successfully
            Current point: [-31.08344823  13.94294497]
            Current function value: [0.72862085]
Optimization terminated successfully
            Current point: [0.84432451 0.69488289]
            Current function value: [0.50283014]

[Nlopt]  successes: 11/11

[SLSQP]  successes: 11/11

[SEGO]  0 optim results filtered out - too close

[SEGO]  
x[3] = [0.84432451 0.69488289]
y: inf
sum = 0
d_obj = inf

[SEGO]  Current best (Pareto optimal - 1 objective ):
x[1] = [0.84374656 0.67878956]
y = 6.382310
sum = 0

Optimization completed - time elapsed: 0m:01s:111ms


Profiler: means

[optim_global] - mean = 0m:01s:111ms over 1 samples

[SEGO]  >>> Run finished
Exit status: Best point valid

Best point:
x[1] = [0.84374656 0.67878956]
y = [6.38231049]

Evals: 4
>>> SEGO Options selected:

[Optimization]

Optimizer: slsqp
Enrichment criterion: WB2
Analytical jacobians: False
Smooth recombination: True
Optimization validation: True
Mode: Minimisation
Size DOE: automatic
Grouped eval: True
Multiprocessing eval: False
Model type: user defined
Nb clusters: 1
Reclustering rate: 10
Min samples multistart: 10
Add multistart: 2
q multipoint: 1
Doe tolerance: 1.000e-06
Check using known solution: False
Inner Optimizer Settings: {}
Save files: False - path: 
Save rate: 0
Save optim: True
Constraint feasibility criterion: MC
Constraint doubt threshold evolution: {'type': 'Cst', 'init': 3}
WB2S ratio: 100.0
Lvl Multify: 1
Multify cost: [1.0]

[Output settings]

Profiling enabled: False
Verbose mode: True
Debug mode: True
Logfile mode: True
Constraints fidelity lvl: 1


[SEGO]  Constraints:

[SEGO]  >>> Inputs processed - initializing DOE

[SEGO]  DOE and DOE response provided

[SEGO]  >>> DOE ready - size: 3

[SEGO]  >>> MOEs initialized

[SEGO]  
x[1] = [0.84374656 0.67878956]
y: 6.382310
sum = 0
d_obj = -2.7172e+00

[SEGO]  Current best (Pareto optimal - 1 objective ):
x[1] = [0.84374656 0.67878956]
y = 6.382310
sum = 0

[SEGO]  
x[2] = [0.3861692  0.10601885]
y: 12.467735
sum = 0
d_obj = 6.0854e+00

[SEGO]  Current best (Pareto optimal - 1 objective ):
x[1] = [0.84374656 0.67878956]
y = 6.382310
sum = 0

[SEGO]  >>> Ready to run the optimization

>>> Iteration 0


[SEGO]  Reclustering
1 clusters and ['KRG'] models for Objective function MOE.
Objective MOE: ['KRG']
The acquisition function scaling is updated to 12.46773469999993
The constraint doubt threshold []
The feasibility criterion scaling is updated to []
Optimization terminated successfully
            Current point: [-7.45386591  5.08373615]
            Current function value: [0.74707228]
Optimization terminated successfully
            Current point: [ 28.52335867 -17.78945814]
            Current function value: [0.74707228]
Optimization terminated successfully
            Current point: [18.47269436 10.60577077]
            Current function value: [0.74707228]
Optimization terminated successfully
            Current point: [  6.61349329 -24.62500439]
            Current function value: [0.74707228]
Optimization terminated successfully
            Current point: [ -5.84353257 -12.83784664]
            Current function value: [0.74707228]
Optimization terminated successfully
            Current point: [-16.18002764 -26.40015702]
            Current function value: [0.74707228]
Optimization terminated successfully
            Current point: [26.1201053  31.89692973]
            Current function value: [0.74707228]
Optimization terminated successfully
            Current point: [-32.15780706  -1.52594   ]
            Current function value: [0.74707228]
Optimization terminated successfully
            Current point: [-23.04337633  18.9961723 ]
            Current function value: [0.74707228]
Optimization terminated successfully
            Current point: [ 0.3370432  22.91626861]
            Current function value: [0.74707228]
Optimization terminated successfully
            Current point: [0.84374233 0.67878172]
            Current function value: [0.51190619]

[Nlopt]  successes: 11/11

[SLSQP]  successes: 11/11

[SEGO]  0 optim results filtered out - too close

[SEGO]  
x[3] = [0.84374233 0.67878172]
y: inf
sum = 0
d_obj = inf

[SEGO]  Current best (Pareto optimal - 1 objective ):
x[1] = [0.84374656 0.67878956]
y = 6.382310
sum = 0

Optimization completed - time elapsed: 0m:01s:059ms


Profiler: means

[optim_global] - mean = 0m:01s:059ms over 1 samples

[SEGO]  >>> Run finished
Exit status: Best point valid

Best point:
x[1] = [0.84374656 0.67878956]
y = [6.38231049]

Evals: 4
>>> SEGO Options selected:

[Optimization]

Optimizer: slsqp
Enrichment criterion: WB2
Analytical jacobians: False
Smooth recombination: True
Optimization validation: True
Mode: Minimisation
Size DOE: automatic
Grouped eval: True
Multiprocessing eval: False
Model type: user defined
Nb clusters: 1
Reclustering rate: 10
Min samples multistart: 10
Add multistart: 2
q multipoint: 1
Doe tolerance: 1.000e-06
Check using known solution: False
Inner Optimizer Settings: {}
Save files: False - path: 
Save rate: 0
Save optim: True
Constraint feasibility criterion: MC
Constraint doubt threshold evolution: {'type': 'Cst', 'init': 3}
WB2S ratio: 100.0
Lvl Multify: 1
Multify cost: [1.0]

[Output settings]

Profiling enabled: False
Verbose mode: True
Debug mode: True
Logfile mode: True
Constraints fidelity lvl: 1


[SEGO]  Constraints:
c_0 (0)
c_1 (1)

[SEGO]  >>> Inputs processed - initializing DOE

[SEGO]  DOE and DOE response provided

[SEGO]  >>> DOE ready - size: 5

[SEGO]  >>> MOEs initialized

[SEGO]  
x[1] = [39.1 30. ]
y: 25642.171000
sum = 0
d_obj = -5.1073e+05

[SEGO]  Current best (Pareto optimal - 1 objective ):
x[1] = [39.1 30. ]
y = 25642.171000
sum = 0

[SEGO]  
x[2] = [73.9 50. ]
y: 287917.119000
sum = 0
d_obj = 2.6227e+05

[SEGO]  Current best (Pareto optimal - 1 objective ):
x[1] = [39.1 30. ]
y = 25642.171000
sum = 0

[SEGO]  
x[3] = [21.7 90. ]
y: 344601.613000
sum = 0
d_obj = 3.1896e+05

[SEGO]  Current best (Pareto optimal - 1 objective ):
x[1] = [39.1 30. ]
y = 25642.171000
sum = 0

[SEGO]  
x[4] = [56.5 70. ]
y: 225544.625000
sum = 0
d_obj = 1.9990e+05

[SEGO]  Current best (Pareto optimal - 1 objective ):
x[1] = [39.1 30. ]
y = 25642.171000
sum = 0

[SEGO]  >>> Ready to run the optimization

>>> Iteration 0


[SEGO]  Reclustering
1 clusters and ['KRG'] models for Objective function MOE.
Objective MOE: ['KRG']

[SEGO] Constraints MOE:
   c_0 MOE: ['KRG']
   c_1 MOE: ['KRG']
The acquisition function scaling is updated to 559171.2896654597
The constraint doubt threshold [3. 3.]
The feasibility criterion scaling is updated to [7403.8899999999685, 7554.2999999999665]
Optimization terminated successfully
            Current point: [32.7494367  23.10861266]
            Current function value: [0.02881596]
Optimization terminated successfully
            Current point: [32.74943697 23.10861213]
            Current function value: [0.02881596]
Optimization terminated successfully
            Current point: [32.74943719 23.10861056]
            Current function value: [0.02881596]
Optimization terminated successfully
            Current point: [32.74943361 23.10861369]
            Current function value: [0.02881596]
Optimization terminated successfully
            Current point: [32.74942876 23.10860106]
            Current function value: [0.02881596]
Optimization terminated successfully
            Current point: [32.74947121 23.10863814]
            Current function value: [0.02881596]
Optimization terminated successfully
            Current point: [32.74941736 23.10859274]
            Current function value: [0.02881596]
Optimization terminated successfully
            Current point: [32.74943503 23.10860822]
            Current function value: [0.02881596]
Optimization terminated successfully
            Current point: [32.74939042 23.10861938]
            Current function value: [0.02881596]
Optimization terminated successfully
            Current point: [32.74944676 23.10861391]
            Current function value: [0.02881596]
Optimization terminated successfully
            Current point: [32.74944217 23.10853968]
            Current function value: [0.02881596]

[Nlopt]  successes: 11/11

[SLSQP]  successes: 11/11

[SEGO]  0 optim results filtered out - too close

[SEGO]  
x[5] = [32.7494367  23.10861266]
y: inf
sum = inf
d_obj = inf

[SEGO]  Current best (Pareto optimal - 1 objective ):
x[1] = [39.1 30. ]
y = 25642.171000
sum = 0

Optimization completed - time elapsed: 0m:05s:628ms


Profiler: means

[optim_global] - mean = 0m:05s:628ms over 1 samples

[SEGO]  >>> Run finished
Exit status: Best point valid

Best point:
x[1] = [39.1 30. ]
y = [25642.171]

Evals: 6
>>> SEGO Options selected:

[Optimization]

Optimizer: slsqp
Enrichment criterion: WB2
Analytical jacobians: False
Smooth recombination: True
Optimization validation: True
Mode: Minimisation
Size DOE: automatic
Grouped eval: True
Multiprocessing eval: False
Model type: user defined
Nb clusters: 1
Reclustering rate: 10
Min samples multistart: 10
Add multistart: 2
q multipoint: 1
Doe tolerance: 1.000e-06
Check using known solution: False
Inner Optimizer Settings: {}
Save files: False - path: 
Save rate: 0
Save optim: True
Constraint feasibility criterion: MC
Constraint doubt threshold evolution: {'type': 'Cst', 'init': 3}
WB2S ratio: 100.0
Lvl Multify: 1
Multify cost: [1.0]

[Output settings]

Profiling enabled: False
Verbose mode: True
Debug mode: True
Logfile mode: True
Constraints fidelity lvl: 1


[SEGO]  Constraints:

[SEGO]  >>> Inputs processed - initializing DOE

[SEGO]  DOE and DOE response provided

[SEGO]  >>> DOE ready - size: 3

[SEGO]  >>> MOEs initialized

[SEGO]  
x[1] = [0.84374656 0.67878956]
y: 6.382310
sum = 0
d_obj = -2.7172e+00

[SEGO]  Current best (Pareto optimal - 1 objective ):
x[1] = [0.84374656 0.67878956]
y = 6.382310
sum = 0

[SEGO]  
x[2] = [0.3861692  0.10601885]
y: 12.467735
sum = 0
d_obj = 6.0854e+00

[SEGO]  Current best (Pareto optimal - 1 objective ):
x[1] = [0.84374656 0.67878956]
y = 6.382310
sum = 0

[SEGO]  >>> Ready to run the optimization

>>> Iteration 0


[SEGO]  Reclustering
1 clusters and ['KRG'] models for Objective function MOE.
Objective MOE: ['KRG']
The acquisition function scaling is updated to 12.46773469999993
The constraint doubt threshold []
The feasibility criterion scaling is updated to []
Optimization terminated successfully
            Current point: [-20.8124092   12.17043517]
            Current function value: [0.72862085]
Optimization terminated successfully
            Current point: [  0.22961538 -31.21125134]
            Current function value: [0.72862085]
Optimization terminated successfully
            Current point: [ 15.5507369 -16.6890758]
            Current function value: [0.72862085]
Optimization terminated successfully
            Current point: [-2.3487229  -1.82178142]
            Current function value: [0.72862085]
Optimization terminated successfully
            Current point: [-27.6712508   -8.02470982]
            Current function value: [0.72862085]
Optimization terminated successfully
            Current point: [-9.11577975 28.56277763]
            Current function value: [0.72862085]
Optimization terminated successfully
            Current point: [-13.28676197 -19.885267  ]
            Current function value: [0.72862085]
Optimization terminated successfully
            Current point: [ 6.9370678  17.56265237]
            Current function value: [0.72862085]
Optimization terminated successfully
            Current point: [26.27608878 21.93870929]
            Current function value: [0.72862085]
Optimization terminated successfully
            Current point: [21.34035729  1.95591855]
            Current function value: [0.72862085]
Optimization terminated successfully
            Current point: [0.86226352 0.67430512]
            Current function value: [0.50283018]

[Nlopt]  successes: 11/11

[SLSQP]  successes: 11/11

[SEGO]  0 optim results filtered out - too close

[SEGO]  
x[3] = [0.86230085 0.6742921 ]
y: inf
sum = 0
d_obj = inf

[SEGO]  Current best (Pareto optimal - 1 objective ):
x[1] = [0.84374656 0.67878956]
y = 6.382310
sum = 0

Optimization completed - time elapsed: 0m:01s:313ms


Profiler: means

[optim_global] - mean = 0m:01s:313ms over 1 samples

[SEGO]  >>> Run finished
Exit status: Best point valid

Best point:
x[1] = [0.84374656 0.67878956]
y = [6.38231049]

Evals: 4
>>> SEGO Options selected:

[Optimization]

Optimizer: slsqp
Enrichment criterion: WB2
Analytical jacobians: False
Smooth recombination: True
Optimization validation: True
Mode: Minimisation
Size DOE: automatic
Grouped eval: True
Multiprocessing eval: False
Model type: user defined
Nb clusters: 1
Reclustering rate: 10
Min samples multistart: 10
Add multistart: 2
q multipoint: 1
Doe tolerance: 1.000e-06
Check using known solution: False
Inner Optimizer Settings: {}
Save files: False - path: 
Save rate: 0
Save optim: True
Constraint feasibility criterion: MC
Constraint doubt threshold evolution: {'type': 'Cst', 'init': 3}
WB2S ratio: 100.0
Lvl Multify: 1
Multify cost: [1.0]

[Output settings]

Profiling enabled: False
Verbose mode: True
Debug mode: True
Logfile mode: True
Constraints fidelity lvl: 1


[SEGO]  Constraints:

[SEGO]  >>> Inputs processed - initializing DOE

[SEGO]  DOE and DOE response provided

[SEGO]  >>> DOE ready - size: 3

[SEGO]  >>> MOEs initialized

[SEGO]  
x[1] = [0.84374656 0.67878956]
y: 6.382310
sum = 0
d_obj = -2.7172e+00

[SEGO]  Current best (Pareto optimal - 1 objective ):
x[1] = [0.84374656 0.67878956]
y = 6.382310
sum = 0

[SEGO]  
x[2] = [0.3861692  0.10601885]
y: 12.467735
sum = 0
d_obj = 6.0854e+00

[SEGO]  Current best (Pareto optimal - 1 objective ):
x[1] = [0.84374656 0.67878956]
y = 6.382310
sum = 0

[SEGO]  >>> Ready to run the optimization

>>> Iteration 0


[SEGO]  Reclustering
1 clusters and ['KRG'] models for Objective function MOE.
Objective MOE: ['KRG']
The acquisition function scaling is updated to 84.24210174626363
The constraint doubt threshold []
The feasibility criterion scaling is updated to []
Optimization terminated successfully
            Current point: [-28.46710839  18.10045987]
            Current function value: [0.11056584]
Optimization terminated successfully
            Current point: [21.40887566  8.92902832]
            Current function value: [-0.10599333]
Optimization terminated successfully
            Current point: [15.74080481 -8.39415735]
            Current function value: [0.11056584]
Optimization terminated successfully
            Current point: [-9.5194129  21.41123824]
            Current function value: [0.11056584]
Optimization terminated successfully
            Current point: [ 7.75232586 26.62235984]
            Current function value: [0.11056584]
Optimization terminated successfully
            Current point: [-0.48703945  2.18825921]
            Current function value: [0.11056584]
Optimization terminated successfully
            Current point: [-18.08305498 -25.57324826]
            Current function value: [0.11056584]
Optimization terminated successfully
            Current point: [ 32.61121958 -13.96806854]
            Current function value: [0.11056584]
Optimization terminated successfully
            Current point: [  4.37033625 -26.5099596 ]
            Current function value: [-0.1678316]
Optimization terminated successfully
            Current point: [-19.85166776  -2.50977584]
            Current function value: [0.11056584]
Optimization terminated successfully
            Current point: [0.84374481 0.6787947 ]
            Current function value: [0.07576153]

[Nlopt]  successes: 11/11

[SLSQP]  successes: 10/11

[SEGO]  0 optim results filtered out - too close

[SEGO]  
x[3] = [0.84374481 0.6787947 ]
y: inf
sum = 0
d_obj = inf

[SEGO]  Current best (Pareto optimal - 1 objective ):
x[1] = [0.84374656 0.67878956]
y = 6.382310
sum = 0

Optimization completed - time elapsed: 0m:01s:171ms


Profiler: means

[optim_global] - mean = 0m:01s:171ms over 1 samples

[SEGO]  >>> Run finished
Exit status: Best point valid

Best point:
x[1] = [0.84374656 0.67878956]
y = [6.38231049]

Evals: 4
>>> SEGO Options selected:

[Optimization]

Optimizer: slsqp
Enrichment criterion: WB2
Analytical jacobians: False
Smooth recombination: True
Optimization validation: True
Mode: Minimisation
Size DOE: automatic
Grouped eval: True
Multiprocessing eval: False
Model type: user defined
Nb clusters: 1
Reclustering rate: 10
Min samples multistart: 10
Add multistart: 2
q multipoint: 1
Doe tolerance: 1.000e-06
Check using known solution: False
Inner Optimizer Settings: {}
Save files: False - path: 
Save rate: 0
Save optim: True
Constraint feasibility criterion: MC
Constraint doubt threshold evolution: {'type': 'Cst', 'init': 3}
WB2S ratio: 100.0
Lvl Multify: 1
Multify cost: [1.0]

[Output settings]

Profiling enabled: False
Verbose mode: True
Debug mode: True
Logfile mode: True
Constraints fidelity lvl: 1


[SEGO]  Constraints:
c_0 (0)
c_1 (1)

[SEGO]  >>> Inputs processed - initializing DOE

[SEGO]  DOE and DOE response provided

[SEGO]  >>> DOE ready - size: 5

[SEGO]  >>> MOEs initialized

[SEGO]  
x[1] = [73.9 50. ]
y: 287917.119000
sum = 0
d_obj = 2.6427e+05

[SEGO]  Current best (Pareto optimal - 1 objective ):
x[0] = [39.1 10. ]
y = 23642.171000
sum = 0

[SEGO]  
x[2] = [56.5 90. ]
y: 443544.625000
sum = 0
d_obj = 4.1990e+05

[SEGO]  Current best (Pareto optimal - 1 objective ):
x[0] = [39.1 10. ]
y = 23642.171000
sum = 0

[SEGO]  
x[3] = [91.3 70. ]
y: 662367.797000
sum = 0
d_obj = 6.3873e+05

[SEGO]  Current best (Pareto optimal - 1 objective ):
x[0] = [39.1 10. ]
y = 23642.171000
sum = 0

[SEGO]  
x[4] = [21.7 30. ]
y: 2601.613000
sum = 0
d_obj = -2.1041e+04

[SEGO]  Current best (Pareto optimal - 1 objective ):
x[4] = [21.7 30. ]
y = 2601.613000
sum = 0

[SEGO]  >>> Ready to run the optimization

>>> Iteration 0


[SEGO]  Reclustering
1 clusters and ['KRG'] models for Objective function MOE.
Objective MOE: ['KRG']

[SEGO] Constraints MOE:
   c_0 MOE: ['KRG']
   c_1 MOE: ['KRG']
The acquisition function scaling is updated to 674527.874241472
The constraint doubt threshold [3. 3.]
The feasibility criterion scaling is updated to [14391.419857135563, 14341.302975802968]
Optimization terminated successfully
            Current point: [49.4377581  24.23755528]
            Current function value: [-0.08783024]
Optimization terminated successfully
            Current point: [ 13. 100.]
            Current function value: [0.3900791]
Optimization terminated successfully
            Current point: [49.43745458 24.23767187]
            Current function value: [-0.08783024]
Optimization terminated successfully
            Current point: [49.43734218 24.23752435]
            Current function value: [-0.08783024]
Optimization terminated successfully
            Current point: [49.43727898 24.23750961]
            Current function value: [-0.08783024]
Optimization terminated successfully
            Current point: [49.43749729 24.2376196 ]
            Current function value: [-0.08783024]
Optimization terminated successfully
            Current point: [49.43748691 24.2376169 ]
            Current function value: [-0.08783024]
Optimization terminated successfully
            Current point: [ 13. 100.]
            Current function value: [0.3900791]
Optimization terminated successfully
            Current point: [ 13. 100.]
            Current function value: [0.3900791]
Optimization terminated successfully
            Current point: [49.43690749 24.23769621]
            Current function value: [-0.08783024]
Optimization terminated successfully
            Current point: [49.43754476 24.23761504]
            Current function value: [-0.08783024]

[Nlopt]  successes: 11/11

[SLSQP]  successes: 11/11

[SEGO]  0 optim results filtered out - too close

[SEGO]  
x[5] = [49.43748691 24.2376169 ]
y: inf
sum = inf
d_obj = inf

[SEGO]  Current best (Pareto optimal - 1 objective ):
x[4] = [21.7 30. ]
y = 2601.613000
sum = 0

Optimization completed - time elapsed: 0m:04s:790ms


Profiler: means

[optim_global] - mean = 0m:04s:790ms over 1 samples

[SEGO]  >>> Run finished
Exit status: Best point valid

Best point:
x[4] = [21.7 30. ]
y = [2601.613]

Evals: 6
>>> SEGO Options selected:

[Optimization]

Optimizer: slsqp
Enrichment criterion: WB2
Analytical jacobians: False
Smooth recombination: True
Optimization validation: True
Mode: Minimisation
Size DOE: automatic
Grouped eval: True
Multiprocessing eval: False
Model type: user defined
Nb clusters: 1
Reclustering rate: 10
Min samples multistart: 10
Add multistart: 2
q multipoint: 1
Doe tolerance: 1.000e-06
Check using known solution: False
Inner Optimizer Settings: {}
Save files: False - path: 
Save rate: 0
Save optim: True
Constraint feasibility criterion: MC
Constraint doubt threshold evolution: {'type': 'Cst', 'init': 3}
WB2S ratio: 100.0
Lvl Multify: 1
Multify cost: [1.0]

[Output settings]

Profiling enabled: False
Verbose mode: True
Debug mode: True
Logfile mode: True
Constraints fidelity lvl: 1


[SEGO]  Constraints:

[SEGO]  >>> Inputs processed - initializing DOE

[SEGO]  DOE and DOE response provided

[SEGO]  >>> DOE ready - size: 3

[SEGO]  >>> MOEs initialized

[SEGO]  
x[1] = [0.84374656 0.67878956]
y: 6.382310
sum = 0
d_obj = -2.7172e+00

[SEGO]  Current best (Pareto optimal - 1 objective ):
x[1] = [0.84374656 0.67878956]
y = 6.382310
sum = 0

[SEGO]  
x[2] = [0.3861692  0.10601885]
y: 12.467735
sum = 0
d_obj = 6.0854e+00

[SEGO]  Current best (Pareto optimal - 1 objective ):
x[1] = [0.84374656 0.67878956]
y = 6.382310
sum = 0

[SEGO]  >>> Ready to run the optimization

>>> Iteration 0


[SEGO]  Reclustering
1 clusters and ['KRG'] models for Objective function MOE.
Objective MOE: ['KRG']
The acquisition function scaling is updated to 12.46773469999993
The constraint doubt threshold []
The feasibility criterion scaling is updated to []
Optimization terminated successfully
            Current point: [-32.02424347  -4.93715885]
            Current function value: [0.72862085]
Optimization terminated successfully
            Current point: [  7.20061076 -23.91102172]
            Current function value: [0.72862085]
Optimization terminated successfully
            Current point: [20.87645537 25.67172086]
            Current function value: [0.72862085]
Optimization terminated successfully
            Current point: [-21.43856572  15.21882273]
            Current function value: [0.72862085]
Optimization terminated successfully
            Current point: [ -8.87644625 -10.39008051]
            Current function value: [0.72862085]
Optimization terminated successfully
            Current point: [-15.02343968 -26.38162885]
            Current function value: [0.72862085]
Optimization terminated successfully
            Current point: [17.30711259  0.15736082]
            Current function value: [0.72862085]
Optimization terminated successfully
            Current point: [ 27.98990791 -14.42051197]
            Current function value: [0.72862085]
Optimization terminated successfully
            Current point: [-1.92655526  8.52254063]
            Current function value: [0.72862085]
Optimization terminated successfully
            Current point: [ 1.67767208 28.00712479]
            Current function value: [0.72862085]
Optimization terminated successfully
            Current point: [0.83677746 0.66381437]
            Current function value: [0.50283019]

[Nlopt]  successes: 11/11

[SLSQP]  successes: 11/11

[SEGO]  0 optim results filtered out - too close

[SEGO]  
x[3] = [0.83676509 0.6637761 ]
y: inf
sum = 0
d_obj = inf

[SEGO]  Current best (Pareto optimal - 1 objective ):
x[1] = [0.84374656 0.67878956]
y = 6.382310
sum = 0

Optimization completed - time elapsed: 0m:01s:203ms


Profiler: means

[optim_global] - mean = 0m:01s:203ms over 1 samples

[SEGO]  >>> Run finished
Exit status: Best point valid

Best point:
x[1] = [0.84374656 0.67878956]
y = [6.38231049]

Evals: 4
>>> SEGO Options selected:

[Optimization]

Optimizer: slsqp
Enrichment criterion: WB2
Analytical jacobians: False
Smooth recombination: True
Optimization validation: True
Mode: Minimisation
Size DOE: automatic
Grouped eval: True
Multiprocessing eval: False
Model type: user defined
Nb clusters: 1
Reclustering rate: 10
Min samples multistart: 10
Add multistart: 2
q multipoint: 1
Doe tolerance: 1.000e-06
Check using known solution: False
Inner Optimizer Settings: {}
Save files: False - path: 
Save rate: 0
Save optim: True
Constraint feasibility criterion: MC
Constraint doubt threshold evolution: {'type': 'Cst', 'init': 3}
WB2S ratio: 100.0
Lvl Multify: 1
Multify cost: [1.0]

[Output settings]

Profiling enabled: False
Verbose mode: True
Debug mode: True
Logfile mode: True
Constraints fidelity lvl: 1


[SEGO]  Constraints:

[SEGO]  >>> Inputs processed - initializing DOE

[SEGO]  DOE and DOE response provided

[SEGO]  >>> DOE ready - size: 3

[SEGO]  >>> MOEs initialized

[SEGO]  
x[1] = [0.84374656 0.67878956]
y: 6.382310
sum = 0
d_obj = -2.7172e+00

[SEGO]  Current best (Pareto optimal - 1 objective ):
x[1] = [0.84374656 0.67878956]
y = 6.382310
sum = 0

[SEGO]  
x[2] = [0.3861692  0.10601885]
y: 12.467735
sum = 0
d_obj = 6.0854e+00

[SEGO]  Current best (Pareto optimal - 1 objective ):
x[1] = [0.84374656 0.67878956]
y = 6.382310
sum = 0

[SEGO]  >>> Ready to run the optimization

>>> Iteration 0


[SEGO]  Reclustering
1 clusters and ['KRG'] models for Objective function MOE.
Objective MOE: ['KRG']
The acquisition function scaling is updated to 12.46773469999993
The constraint doubt threshold []
The feasibility criterion scaling is updated to []
Optimization terminated successfully
            Current point: [ 9.30947985 -7.08997903]
            Current function value: [0.74707228]
Optimization terminated successfully
            Current point: [  0.47057442 -31.25754677]
            Current function value: [0.74707228]
Optimization terminated successfully
            Current point: [-32.19554691  -3.77036974]
            Current function value: [0.74707228]
Optimization terminated successfully
            Current point: [-3.13202619 27.26944468]
            Current function value: [0.74707228]
Optimization terminated successfully
            Current point: [32.29147548 10.36890841]
            Current function value: [0.74707228]
Optimization terminated successfully
            Current point: [-15.95175223 -16.08867128]
            Current function value: [0.74707228]
Optimization terminated successfully
            Current point: [14.5106773  16.03984291]
            Current function value: [0.74707228]
Optimization terminated successfully
            Current point: [-7.81779346  5.88859895]
            Current function value: [0.74707228]
Optimization terminated successfully
            Current point: [ 22.72699331 -24.17765566]
            Current function value: [0.74707228]
Optimization terminated successfully
            Current point: [-23.52047128  20.32033664]
            Current function value: [0.74707228]
Optimization terminated successfully
            Current point: [0.84371398 0.67878872]
            Current function value: [0.5119062]

[Nlopt]  successes: 11/11

[SLSQP]  successes: 11/11

[SEGO]  
x[3] = [ 9.30947985 -7.08997903]
y: inf
sum = 0
d_obj = inf

[SEGO]  Current best (Pareto optimal - 1 objective ):
x[1] = [0.84374656 0.67878956]
y = 6.382310
sum = 0

Optimization completed - time elapsed: 0m:01s:072ms


Profiler: means

[optim_global] - mean = 0m:01s:072ms over 1 samples

[SEGO]  >>> Run finished
Exit status: Best point valid

Best point:
x[1] = [0.84374656 0.67878956]
y = [6.38231049]

Evals: 4
>>> SEGO Options selected:

[Optimization]

Optimizer: slsqp
Enrichment criterion: WB2
Analytical jacobians: False
Smooth recombination: True
Optimization validation: True
Mode: Minimisation
Size DOE: automatic
Grouped eval: True
Multiprocessing eval: False
Model type: user defined
Nb clusters: 1
Reclustering rate: 10
Min samples multistart: 10
Add multistart: 2
q multipoint: 1
Doe tolerance: 1.000e-06
Check using known solution: False
Inner Optimizer Settings: {}
Save files: False - path: 
Save rate: 0
Save optim: True
Constraint feasibility criterion: MC
Constraint doubt threshold evolution: {'type': 'Cst', 'init': 3}
WB2S ratio: 100.0
Lvl Multify: 1
Multify cost: [1.0]

[Output settings]

Profiling enabled: False
Verbose mode: True
Debug mode: True
Logfile mode: True
Constraints fidelity lvl: 1


[SEGO]  Constraints:
c_0 (0)
c_1 (1)

[SEGO]  >>> Inputs processed - initializing DOE

[SEGO]  DOE and DOE response provided

[SEGO]  >>> DOE ready - size: 5

[SEGO]  >>> MOEs initialized

[SEGO]  
x[1] = [73.9 10. ]
y: 259917.119000
sum = 0
d_obj = -1.0773e+05

[SEGO]  Current best (Pareto optimal - 1 objective ):
x[1] = [73.9 10. ]
y = 259917.119000
sum = 0

[SEGO]  
x[2] = [21.7 50. ]
y: 28601.613000
sum = 0
d_obj = -2.3132e+05

[SEGO]  Current best (Pareto optimal - 1 objective ):
x[2] = [21.7 50. ]
y = 28601.613000
sum = 0

[SEGO]  
x[3] = [91.3 70. ]
y: 662367.797000
sum = 0
d_obj = 6.3377e+05

[SEGO]  Current best (Pareto optimal - 1 objective ):
x[2] = [21.7 50. ]
y = 28601.613000
sum = 0

[SEGO]  
x[4] = [56.5 30. ]
y: 101544.625000
sum = 0
d_obj = 7.2943e+04

[SEGO]  Current best (Pareto optimal - 1 objective ):
x[2] = [21.7 50. ]
y = 28601.613000
sum = 0

[SEGO]  >>> Ready to run the optimization

>>> Iteration 0


[SEGO]  Reclustering
1 clusters and ['KRG'] models for Objective function MOE.
Objective MOE: ['KRG']

[SEGO] Constraints MOE:
   c_0 MOE: ['KRG']
   c_1 MOE: ['KRG']
The acquisition function scaling is updated to 728741.979331088
The constraint doubt threshold [3. 3.]
The feasibility criterion scaling is updated to [13496.51128047318, 13469.539235533255]
Optimization terminated successfully
            Current point: [27.50396393 23.3658304 ]
            Current function value: [-0.12858203]
Optimization terminated successfully
            Current point: [27.50396308 23.36583197]
            Current function value: [-0.12858203]
Optimization terminated successfully
            Current point: [27.45761392 23.34996814]
            Current function value: [-0.12858115]
Optimization terminated successfully
            Current point: [27.50388801 23.36590013]
            Current function value: [-0.12858203]
Optimization terminated successfully
            Current point: [27.5039803  23.36583463]
            Current function value: [-0.12858203]
Optimization terminated successfully
            Current point: [27.50386053 23.3656331 ]
            Current function value: [-0.12858203]
Optimization terminated successfully
            Current point: [27.50401289 23.36581412]
            Current function value: [-0.12858203]
Optimization terminated successfully
            Current point: [27.50397759 23.36581941]
            Current function value: [-0.12858203]
Optimization terminated successfully
            Current point: [27.50383137 23.36563271]
            Current function value: [-0.12858203]
Optimization terminated successfully
            Current point: [27.50398501 23.36582009]
            Current function value: [-0.12858203]
Optimization terminated successfully
            Current point: [27.5039848  23.36582139]
            Current function value: [-0.12858203]

[Nlopt]  successes: 11/11

[SLSQP]  successes: 11/11

[SEGO]  0 optim results filtered out - too close

[SEGO]  
x[5] = [27.5039848  23.36582139]
y: inf
sum = inf
d_obj = inf

[SEGO]  Current best (Pareto optimal - 1 objective ):
x[2] = [21.7 50. ]
y = 28601.613000
sum = 0

Optimization completed - time elapsed: 0m:05s:291ms


Profiler: means

[optim_global] - mean = 0m:05s:291ms over 1 samples

[SEGO]  >>> Run finished
Exit status: Best point valid

Best point:
x[2] = [21.7 50. ]
y = [28601.613]

Evals: 6
