Arguments: 
  /usr/local/bin/node /usr/local/bin/yarn add webpack

PATH: 
  /usr/local/bundle/bin:/usr/local/sbin:/usr/local/bin:/usr/sbin:/usr/bin:/sbin:/bin

Yarn version: 
  0.23.4

Node version: 
  6.10.3

Platform: 
  linux x64

npm manifest: 
  No manifest

yarn manifest: 
  No manifest

Lockfile: 
  # THIS IS AN AUTOGENERATED FILE. DO NOT EDIT THIS FILE DIRECTLY.
  # yarn lockfile v1

Trace: 
  Error: https://registry.yarnpkg.com/webpack: tunneling socket could not be established, cause=getaddrinfo EAI_AGAIN proxy.onecert.fr:80
      at ClientRequest.onError (/usr/local/bin/yarn:120919:17)
      at ClientRequest.g (events.js:292:16)
      at emitOne (events.js:96:13)
      at ClientRequest.emit (events.js:188:7)
      at Socket.socketErrorListener (_http_client.js:309:9)
      at emitOne (events.js:96:13)
      at Socket.emit (events.js:188:7)
      at connectErrorNT (net.js:1021:8)
      at _combinedTickCallback (internal/process/next_tick.js:80:11)
      at process._tickCallback (internal/process/next_tick.js:104:9)
